{"/Users/olga/Documents/APPSocialMedia copy 3/user.js": {"path":"/Users/olga/Documents/APPSocialMedia copy 3/user.js","statementMap":{"0":{"start":{"line":3,"column":6},"end":{"line":5,"column":7}},"1":{"start":{"line":4,"column":8},"end":{"line":4,"column":62}},"2":{"start":{"line":6,"column":6},"end":{"line":6,"column":31}},"3":{"start":{"line":7,"column":6},"end":{"line":7,"column":31}},"4":{"start":{"line":12,"column":6},"end":{"line":15,"column":8}},"5":{"start":{"line":20,"column":6},"end":{"line":22,"column":7}},"6":{"start":{"line":21,"column":8},"end":{"line":21,"column":56}},"7":{"start":{"line":23,"column":6},"end":{"line":23,"column":52}},"8":{"start":{"line":28,"column":6},"end":{"line":28,"column":30}},"9":{"start":{"line":29,"column":6},"end":{"line":29,"column":18}},"10":{"start":{"line":34,"column":23},"end":{"line":34,"column":49}},"11":{"start":{"line":35,"column":6},"end":{"line":37,"column":7}},"12":{"start":{"line":36,"column":8},"end":{"line":36,"column":70}},"13":{"start":{"line":38,"column":6},"end":{"line":38,"column":37}},"14":{"start":{"line":42,"column":2},"end":{"line":42,"column":24}}},"fnMap":{"0":{"name":"(anonymous_0)","decl":{"start":{"line":2,"column":4},"end":{"line":2,"column":5}},"loc":{"start":{"line":2,"column":36},"end":{"line":8,"column":5}},"line":2},"1":{"name":"(anonymous_1)","decl":{"start":{"line":11,"column":4},"end":{"line":11,"column":5}},"loc":{"start":{"line":11,"column":13},"end":{"line":16,"column":5}},"line":11},"2":{"name":"(anonymous_2)","decl":{"start":{"line":19,"column":4},"end":{"line":19,"column":5}},"loc":{"start":{"line":19,"column":26},"end":{"line":24,"column":5}},"line":19},"3":{"name":"(anonymous_3)","decl":{"start":{"line":27,"column":4},"end":{"line":27,"column":5}},"loc":{"start":{"line":27,"column":19},"end":{"line":30,"column":5}},"line":27},"4":{"name":"(anonymous_4)","decl":{"start":{"line":33,"column":4},"end":{"line":33,"column":5}},"loc":{"start":{"line":33,"column":46},"end":{"line":39,"column":5}},"line":33}},"branchMap":{"0":{"loc":{"start":{"line":3,"column":6},"end":{"line":5,"column":7}},"type":"if","locations":[{"start":{"line":3,"column":6},"end":{"line":5,"column":7}},{"start":{},"end":{}}],"line":3},"1":{"loc":{"start":{"line":3,"column":10},"end":{"line":3,"column":32}},"type":"binary-expr","locations":[{"start":{"line":3,"column":10},"end":{"line":3,"column":19}},{"start":{"line":3,"column":23},"end":{"line":3,"column":32}}],"line":3},"2":{"loc":{"start":{"line":20,"column":6},"end":{"line":22,"column":7}},"type":"if","locations":[{"start":{"line":20,"column":6},"end":{"line":22,"column":7}},{"start":{},"end":{}}],"line":20},"3":{"loc":{"start":{"line":20,"column":10},"end":{"line":20,"column":42}},"type":"binary-expr","locations":[{"start":{"line":20,"column":10},"end":{"line":20,"column":24}},{"start":{"line":20,"column":28},"end":{"line":20,"column":42}}],"line":20},"4":{"loc":{"start":{"line":35,"column":6},"end":{"line":37,"column":7}},"type":"if","locations":[{"start":{"line":35,"column":6},"end":{"line":37,"column":7}},{"start":{},"end":{}}],"line":35}},"s":{"0":16,"1":2,"2":14,"3":14,"4":9,"5":5,"6":1,"7":4,"8":7,"9":7,"10":5,"11":5,"12":1,"13":4,"14":3},"f":{"0":16,"1":9,"2":5,"3":7,"4":5},"b":{"0":[2,14],"1":[16,15],"2":[1,4],"3":[5,5],"4":[1,4]},"_coverageSchema":"1a1c01bbd47fc00a2c39e90264f33305004495a9","hash":"6d8991be6667eb32e0bba90f4cf2284660dae3ea"}
,"/Users/olga/Documents/APPSocialMedia copy 3/userdatabase.js": {"path":"/Users/olga/Documents/APPSocialMedia copy 3/userdatabase.js","statementMap":{"0":{"start":{"line":1,"column":13},"end":{"line":1,"column":30}},"1":{"start":{"line":5,"column":4},"end":{"line":5,"column":19}},"2":{"start":{"line":10,"column":4},"end":{"line":12,"column":5}},"3":{"start":{"line":11,"column":6},"end":{"line":11,"column":75}},"4":{"start":{"line":15,"column":4},"end":{"line":15,"column":70}},"5":{"start":{"line":15,"column":40},"end":{"line":15,"column":68}},"6":{"start":{"line":16,"column":4},"end":{"line":16,"column":34}},"7":{"start":{"line":17,"column":4},"end":{"line":17,"column":16}},"8":{"start":{"line":22,"column":4},"end":{"line":22,"column":70}},"9":{"start":{"line":22,"column":34},"end":{"line":22,"column":60}},"10":{"start":{"line":26,"column":0},"end":{"line":26,"column":30}}},"fnMap":{"0":{"name":"(anonymous_0)","decl":{"start":{"line":4,"column":2},"end":{"line":4,"column":3}},"loc":{"start":{"line":4,"column":16},"end":{"line":6,"column":3}},"line":4},"1":{"name":"(anonymous_1)","decl":{"start":{"line":9,"column":2},"end":{"line":9,"column":3}},"loc":{"start":{"line":9,"column":17},"end":{"line":18,"column":3}},"line":9},"2":{"name":"(anonymous_2)","decl":{"start":{"line":15,"column":33},"end":{"line":15,"column":34}},"loc":{"start":{"line":15,"column":40},"end":{"line":15,"column":68}},"line":15},"3":{"name":"(anonymous_3)","decl":{"start":{"line":21,"column":2},"end":{"line":21,"column":3}},"loc":{"start":{"line":21,"column":20},"end":{"line":23,"column":3}},"line":21},"4":{"name":"(anonymous_4)","decl":{"start":{"line":22,"column":26},"end":{"line":22,"column":27}},"loc":{"start":{"line":22,"column":34},"end":{"line":22,"column":60}},"line":22}},"branchMap":{"0":{"loc":{"start":{"line":10,"column":4},"end":{"line":12,"column":5}},"type":"if","locations":[{"start":{"line":10,"column":4},"end":{"line":12,"column":5}},{"start":{},"end":{}}],"line":10},"1":{"loc":{"start":{"line":22,"column":11},"end":{"line":22,"column":69}},"type":"binary-expr","locations":[{"start":{"line":22,"column":11},"end":{"line":22,"column":61}},{"start":{"line":22,"column":65},"end":{"line":22,"column":69}}],"line":22}},"s":{"0":3,"1":16,"2":10,"3":1,"4":9,"5":0,"6":9,"7":9,"8":16,"9":9,"10":3},"f":{"0":16,"1":10,"2":0,"3":16,"4":9},"b":{"0":[1,9],"1":[16,7]},"_coverageSchema":"1a1c01bbd47fc00a2c39e90264f33305004495a9","hash":"3dca55201cb7cd503aab6b9ee80f14f2d3d01267"}
,"/Users/olga/Documents/APPSocialMedia copy 3/usermanager.js": {"path":"/Users/olga/Documents/APPSocialMedia copy 3/usermanager.js","statementMap":{"0":{"start":{"line":1,"column":13},"end":{"line":1,"column":30}},"1":{"start":{"line":5,"column":4},"end":{"line":5,"column":29}},"2":{"start":{"line":6,"column":4},"end":{"line":6,"column":29}},"3":{"start":{"line":11,"column":4},"end":{"line":13,"column":5}},"4":{"start":{"line":12,"column":6},"end":{"line":12,"column":60}},"5":{"start":{"line":15,"column":25},"end":{"line":15,"column":56}},"6":{"start":{"line":16,"column":4},"end":{"line":18,"column":5}},"7":{"start":{"line":17,"column":6},"end":{"line":17,"column":45}},"8":{"start":{"line":20,"column":17},"end":{"line":20,"column":45}},"9":{"start":{"line":21,"column":4},"end":{"line":21,"column":29}},"10":{"start":{"line":22,"column":4},"end":{"line":22,"column":16}},"11":{"start":{"line":27,"column":4},"end":{"line":36,"column":5}},"12":{"start":{"line":28,"column":19},"end":{"line":28,"column":63}},"13":{"start":{"line":29,"column":6},"end":{"line":32,"column":7}},"14":{"start":{"line":30,"column":8},"end":{"line":30,"column":33}},"15":{"start":{"line":31,"column":8},"end":{"line":31,"column":20}},"16":{"start":{"line":33,"column":6},"end":{"line":33,"column":45}},"17":{"start":{"line":35,"column":6},"end":{"line":35,"column":45}},"18":{"start":{"line":41,"column":4},"end":{"line":41,"column":29}},"19":{"start":{"line":46,"column":4},"end":{"line":46,"column":29}},"20":{"start":{"line":50,"column":0},"end":{"line":50,"column":29}}},"fnMap":{"0":{"name":"(anonymous_0)","decl":{"start":{"line":4,"column":2},"end":{"line":4,"column":3}},"loc":{"start":{"line":4,"column":24},"end":{"line":7,"column":3}},"line":4},"1":{"name":"(anonymous_1)","decl":{"start":{"line":10,"column":2},"end":{"line":10,"column":3}},"loc":{"start":{"line":10,"column":33},"end":{"line":23,"column":3}},"line":10},"2":{"name":"(anonymous_2)","decl":{"start":{"line":26,"column":2},"end":{"line":26,"column":3}},"loc":{"start":{"line":26,"column":28},"end":{"line":37,"column":3}},"line":26},"3":{"name":"(anonymous_3)","decl":{"start":{"line":40,"column":2},"end":{"line":40,"column":3}},"loc":{"start":{"line":40,"column":20},"end":{"line":42,"column":3}},"line":40},"4":{"name":"(anonymous_4)","decl":{"start":{"line":45,"column":2},"end":{"line":45,"column":3}},"loc":{"start":{"line":45,"column":11},"end":{"line":47,"column":3}},"line":45}},"branchMap":{"0":{"loc":{"start":{"line":11,"column":4},"end":{"line":13,"column":5}},"type":"if","locations":[{"start":{"line":11,"column":4},"end":{"line":13,"column":5}},{"start":{},"end":{}}],"line":11},"1":{"loc":{"start":{"line":11,"column":8},"end":{"line":11,"column":30}},"type":"binary-expr","locations":[{"start":{"line":11,"column":8},"end":{"line":11,"column":17}},{"start":{"line":11,"column":21},"end":{"line":11,"column":30}}],"line":11},"2":{"loc":{"start":{"line":16,"column":4},"end":{"line":18,"column":5}},"type":"if","locations":[{"start":{"line":16,"column":4},"end":{"line":18,"column":5}},{"start":{},"end":{}}],"line":16},"3":{"loc":{"start":{"line":29,"column":6},"end":{"line":32,"column":7}},"type":"if","locations":[{"start":{"line":29,"column":6},"end":{"line":32,"column":7}},{"start":{},"end":{}}],"line":29}},"s":{"0":1,"1":6,"2":6,"3":8,"4":2,"5":6,"6":6,"7":1,"8":5,"9":5,"10":5,"11":3,"12":3,"13":3,"14":2,"15":2,"16":1,"17":1,"18":2,"19":1,"20":1},"f":{"0":6,"1":8,"2":3,"3":2,"4":1},"b":{"0":[2,6],"1":[8,7],"2":[1,5],"3":[2,1]},"_coverageSchema":"1a1c01bbd47fc00a2c39e90264f33305004495a9","hash":"945a95ba638fcebc52e1429e1c256b491251e9ca"}
}
