TN:
SF:user.js
FN:2,(anonymous_0)
FN:11,(anonymous_1)
FN:19,(anonymous_2)
FN:27,(anonymous_3)
FN:33,(anonymous_4)
FNF:5
FNH:5
FNDA:16,(anonymous_0)
FNDA:9,(anonymous_1)
FNDA:5,(anonymous_2)
FNDA:7,(anonymous_3)
FNDA:5,(anonymous_4)
DA:3,16
DA:4,2
DA:6,14
DA:7,14
DA:12,9
DA:20,5
DA:21,1
DA:23,4
DA:28,7
DA:29,7
DA:34,5
DA:35,5
DA:36,1
DA:38,4
DA:42,3
LF:15
LH:15
BRDA:3,0,0,2
BRDA:3,0,1,14
BRDA:3,1,0,16
BRDA:3,1,1,15
BRDA:20,2,0,1
BRDA:20,2,1,4
BRDA:20,3,0,5
BRDA:20,3,1,5
BRDA:35,4,0,1
BRDA:35,4,1,4
BRF:10
BRH:10
end_of_record
TN:
SF:userdatabase.js
FN:4,(anonymous_0)
FN:9,(anonymous_1)
FN:15,(anonymous_2)
FN:21,(anonymous_3)
FN:22,(anonymous_4)
FNF:5
FNH:4
FNDA:16,(anonymous_0)
FNDA:10,(anonymous_1)
FNDA:0,(anonymous_2)
FNDA:16,(anonymous_3)
FNDA:9,(anonymous_4)
DA:1,3
DA:5,16
DA:10,10
DA:11,1
DA:15,9
DA:16,9
DA:17,9
DA:22,16
DA:26,3
LF:9
LH:9
BRDA:10,0,0,1
BRDA:10,0,1,9
BRDA:22,1,0,16
BRDA:22,1,1,7
BRF:4
BRH:4
end_of_record
TN:
SF:usermanager.js
FN:4,(anonymous_0)
FN:10,(anonymous_1)
FN:26,(anonymous_2)
FN:40,(anonymous_3)
FN:45,(anonymous_4)
FNF:5
FNH:5
FNDA:6,(anonymous_0)
FNDA:8,(anonymous_1)
FNDA:3,(anonymous_2)
FNDA:2,(anonymous_3)
FNDA:1,(anonymous_4)
DA:1,1
DA:5,6
DA:6,6
DA:11,8
DA:12,2
DA:15,6
DA:16,6
DA:17,1
DA:20,5
DA:21,5
DA:22,5
DA:27,3
DA:28,3
DA:29,3
DA:30,2
DA:31,2
DA:33,1
DA:35,1
DA:41,2
DA:46,1
DA:50,1
LF:21
LH:21
BRDA:11,0,0,2
BRDA:11,0,1,6
BRDA:11,1,0,8
BRDA:11,1,1,7
BRDA:16,2,0,1
BRDA:16,2,1,5
BRDA:29,3,0,2
BRDA:29,3,1,1
BRF:8
BRH:8
end_of_record
